<?xml version="1.0" encoding="UTF-8"?>
<!-- Generated by org.testng.reporters.JUnitXMLReporter -->
<testsuite ignored="0" hostname="HAMC02T91Y4G8WL" failures="0" tests="3" name="UserPostComments" time="1.407" errors="0" timestamp="21 Feb 2021 13:59:45 GMT">
  <testcase classname="com.freenow.Freenow.tests.TestGetAllUsers" name="getAllUsers" time="1.043"/>
  <testcase classname="com.freenow.Freenow.tests.TestGetAllPosts" name="getAllPostsOfUser" time="0.05"/>
  <testcase classname="com.freenow.Freenow.tests.TestGetCommentsOnPost" name="getAllCommentsonPostByUser" time="0.195"/>
</testsuite> <!-- UserPostComments -->
